INFO:django.server: "POST /done/17/ HTTP/1.1" 302 0 (2018-07-06 14:04:40; basehttp.py:124)
INFO:django.server: "GET /17/ HTTP/1.1" 200 3219 (2018-07-06 14:04:40; basehttp.py:124)
INFO:django.server: "POST /done/17/ HTTP/1.1" 302 0 (2018-07-06 14:06:40; basehttp.py:124)
INFO:django.server: "GET /17/ HTTP/1.1" 200 3219 (2018-07-06 14:06:40; basehttp.py:124)
INFO:django.server: "POST /done/17/ HTTP/1.1" 302 0 (2018-07-06 14:06:41; basehttp.py:124)
INFO:django.server: "GET /17/ HTTP/1.1" 200 3219 (2018-07-06 14:06:41; basehttp.py:124)
INFO:django.server: "POST /done/17/ HTTP/1.1" 302 0 (2018-07-06 14:06:41; basehttp.py:124)
INFO:django.server: "GET /17/ HTTP/1.1" 200 3219 (2018-07-06 14:06:41; basehttp.py:124)
INFO:django.server: "POST /done/17/ HTTP/1.1" 302 0 (2018-07-06 14:06:41; basehttp.py:124)
INFO:django.server: "GET /17/ HTTP/1.1" 200 3219 (2018-07-06 14:06:41; basehttp.py:124)
INFO:django.server: "POST /done/17/ HTTP/1.1" 302 0 (2018-07-06 14:06:41; basehttp.py:124)
INFO:django.server: "GET /17/ HTTP/1.1" 200 3219 (2018-07-06 14:06:41; basehttp.py:124)
INFO:django.server: "POST /done/17/ HTTP/1.1" 302 0 (2018-07-06 14:06:41; basehttp.py:124)
INFO:django.server: "GET /17/ HTTP/1.1" 200 3219 (2018-07-06 14:06:41; basehttp.py:124)
INFO:django.server: "POST /done/17/ HTTP/1.1" 302 0 (2018-07-06 14:06:42; basehttp.py:124)
INFO:django.server: "GET /17/ HTTP/1.1" 200 3219 (2018-07-06 14:06:42; basehttp.py:124)
INFO:django.server: "POST /done/17/ HTTP/1.1" 302 0 (2018-07-06 14:06:42; basehttp.py:124)
INFO:django.server: "GET /17/ HTTP/1.1" 200 3219 (2018-07-06 14:06:42; basehttp.py:124)
INFO:django.server: "POST /done/17/ HTTP/1.1" 302 0 (2018-07-06 14:06:42; basehttp.py:124)
INFO:django.server: "GET /17/ HTTP/1.1" 200 3219 (2018-07-06 14:06:42; basehttp.py:124)
INFO:django.server: "POST /done/17/ HTTP/1.1" 302 0 (2018-07-06 14:06:42; basehttp.py:124)
INFO:django.server: "GET /17/ HTTP/1.1" 200 3219 (2018-07-06 14:06:42; basehttp.py:124)
INFO:django.server: "POST /done/17/ HTTP/1.1" 302 0 (2018-07-06 14:06:42; basehttp.py:124)
INFO:django.server: "GET /17/ HTTP/1.1" 200 3219 (2018-07-06 14:06:42; basehttp.py:124)
INFO:django.server: "POST /done/17/ HTTP/1.1" 302 0 (2018-07-06 14:06:42; basehttp.py:124)
INFO:django.server: "GET /17/ HTTP/1.1" 200 3219 (2018-07-06 14:06:42; basehttp.py:124)
INFO:django.server: "POST /done/17/ HTTP/1.1" 302 0 (2018-07-06 14:06:43; basehttp.py:124)
INFO:django.server: "GET /17/ HTTP/1.1" 200 3219 (2018-07-06 14:06:43; basehttp.py:124)
INFO:django.server: "POST /done/17/ HTTP/1.1" 302 0 (2018-07-06 14:06:43; basehttp.py:124)
INFO:django.server: "GET /17/ HTTP/1.1" 200 3219 (2018-07-06 14:06:43; basehttp.py:124)
INFO:django.server: "POST /done/17/ HTTP/1.1" 302 0 (2018-07-06 14:06:43; basehttp.py:124)
INFO:django.server: "GET /17/ HTTP/1.1" 200 3219 (2018-07-06 14:06:43; basehttp.py:124)
INFO:django.server: "POST /done/17/ HTTP/1.1" 302 0 (2018-07-06 14:06:43; basehttp.py:124)
INFO:django.server: "GET /17/ HTTP/1.1" 200 3219 (2018-07-06 14:06:43; basehttp.py:124)
INFO:django.server: "GET /17/ HTTP/1.1" 200 3219 (2018-07-06 14:07:47; basehttp.py:124)
INFO:django.server: "POST /done/17/ HTTP/1.1" 302 0 (2018-07-06 14:07:49; basehttp.py:124)
INFO:django.server: "GET /17/ HTTP/1.1" 200 2900 (2018-07-06 14:07:49; basehttp.py:124)
INFO:django.server: "GET / HTTP/1.1" 200 10592 (2018-07-06 14:07:53; basehttp.py:124)
INFO:django.server: "GET /16/ HTTP/1.1" 200 2897 (2018-07-06 14:08:15; basehttp.py:124)
INFO:django.server: "GET / HTTP/1.1" 200 10592 (2018-07-06 14:08:18; basehttp.py:124)
INFO:django.server: "GET /17/ HTTP/1.1" 200 2900 (2018-07-06 14:08:20; basehttp.py:124)
INFO:django.server: "GET / HTTP/1.1" 200 10592 (2018-07-06 14:08:21; basehttp.py:124)
INFO:django.server: "GET /15/ HTTP/1.1" 200 3215 (2018-07-06 14:08:22; basehttp.py:124)
INFO:django.server: "POST /done/15/ HTTP/1.1" 302 0 (2018-07-06 14:08:27; basehttp.py:124)
INFO:django.server: "GET /15/ HTTP/1.1" 200 2896 (2018-07-06 14:08:27; basehttp.py:124)
INFO:django.server: "GET / HTTP/1.1" 200 10592 (2018-07-06 14:08:33; basehttp.py:124)
INFO:django.server: "GET / HTTP/1.1" 200 10592 (2018-07-06 14:12:27; basehttp.py:124)
INFO:django.server: "GET /notice/new/ HTTP/1.1" 200 3245 (2018-07-06 14:12:29; basehttp.py:124)
INFO:django.server: "POST /notice/new/ HTTP/1.1" 302 0 (2018-07-06 14:12:37; basehttp.py:124)
INFO:django.server: "GET /18/ HTTP/1.1" 200 2914 (2018-07-06 14:12:37; basehttp.py:124)
INFO:django.server: "GET / HTTP/1.1" 200 11058 (2018-07-06 14:12:38; basehttp.py:124)
INFO:django.server: "GET /add_money/2/ HTTP/1.1" 200 3102 (2018-07-06 14:12:40; basehttp.py:124)
INFO:django.server: "POST /add_money/2/ HTTP/1.1" 302 0 (2018-07-06 14:12:55; basehttp.py:124)
INFO:django.server: "GET / HTTP/1.1" 200 11054 (2018-07-06 14:12:55; basehttp.py:124)
INFO:django.server: "GET /18/ HTTP/1.1" 200 2910 (2018-07-06 14:13:00; basehttp.py:124)
INFO:django.server: "GET / HTTP/1.1" 200 11054 (2018-07-06 14:13:03; basehttp.py:124)
INFO:django.server: "GET /accounts/logout/ HTTP/1.1" 200 2024 (2018-07-06 14:13:12; basehttp.py:124)
INFO:django.server: "GET /accounts/login/ HTTP/1.1" 200 2872 (2018-07-06 14:13:14; basehttp.py:124)
INFO:django.server: "POST /accounts/login/ HTTP/1.1" 302 0 (2018-07-06 14:13:21; basehttp.py:124)
INFO:django.server: "GET / HTTP/1.1" 200 11062 (2018-07-06 14:13:21; basehttp.py:124)
INFO:django.server: "GET /add_money/1/ HTTP/1.1" 200 3107 (2018-07-06 14:13:24; basehttp.py:124)
INFO:django.server: "POST /add_money/1/ HTTP/1.1" 302 0 (2018-07-06 14:13:34; basehttp.py:124)
INFO:django.server: "GET / HTTP/1.1" 200 11058 (2018-07-06 14:13:34; basehttp.py:124)
INFO:django.server: "GET /18/ HTTP/1.1" 200 3226 (2018-07-06 14:13:38; basehttp.py:124)
INFO:django.server: "POST /set_executor/18/ HTTP/1.1" 302 0 (2018-07-06 14:13:40; basehttp.py:124)
INFO:django.server: "GET /18/ HTTP/1.1" 200 2978 (2018-07-06 14:13:40; basehttp.py:124)
INFO:django.server: "GET / HTTP/1.1" 200 11058 (2018-07-06 14:13:43; basehttp.py:124)
INFO:django.server: "GET /accounts/logout/ HTTP/1.1" 200 2024 (2018-07-06 14:13:46; basehttp.py:124)
INFO:django.server: "GET /accounts/login/ HTTP/1.1" 200 2872 (2018-07-06 14:13:51; basehttp.py:124)
INFO:django.server: "POST /accounts/login/ HTTP/1.1" 302 0 (2018-07-06 14:13:59; basehttp.py:124)
INFO:django.server: "GET / HTTP/1.1" 200 11054 (2018-07-06 14:13:59; basehttp.py:124)
INFO:django.server: "GET /18/ HTTP/1.1" 200 3219 (2018-07-06 14:14:04; basehttp.py:124)
INFO:django.server: "POST /done/18/ HTTP/1.1" 302 0 (2018-07-06 14:14:07; basehttp.py:124)
INFO:django.server: "GET /add_money/2/ HTTP/1.1" 200 3100 (2018-07-06 14:14:07; basehttp.py:124)
INFO:django.server: "POST /add_money/2/ HTTP/1.1" 302 0 (2018-07-06 14:14:27; basehttp.py:124)
INFO:django.server: "GET / HTTP/1.1" 200 11057 (2018-07-06 14:14:27; basehttp.py:124)
INFO:django.server: "GET /18/ HTTP/1.1" 200 3222 (2018-07-06 14:14:30; basehttp.py:124)
INFO:django.server: "POST /done/18/ HTTP/1.1" 302 0 (2018-07-06 14:14:33; basehttp.py:124)
INFO:django.server: "GET /18/ HTTP/1.1" 200 2902 (2018-07-06 14:14:33; basehttp.py:124)
INFO:django.server: "GET /add_money/2/ HTTP/1.1" 200 3100 (2018-07-06 14:14:42; basehttp.py:124)
INFO:django.server: "GET /accounts/logout/ HTTP/1.1" 200 2024 (2018-07-06 14:14:44; basehttp.py:124)
INFO:django.server: "GET /accounts/login/ HTTP/1.1" 200 2872 (2018-07-06 14:14:46; basehttp.py:124)
INFO:django.server: "POST /accounts/login/ HTTP/1.1" 302 0 (2018-07-06 14:14:52; basehttp.py:124)
INFO:django.server: "GET / HTTP/1.1" 200 11060 (2018-07-06 14:14:52; basehttp.py:124)
INFO:django.server: "GET /18/ HTTP/1.1" 200 2970 (2018-07-06 14:14:53; basehttp.py:124)
INFO:django.server: "GET / HTTP/1.1" 200 11060 (2018-07-06 14:15:20; basehttp.py:124)
INFO:django.server: "GET /18/ HTTP/1.1" 200 2970 (2018-07-06 14:15:50; basehttp.py:124)
INFO:django.server: "GET / HTTP/1.1" 200 11060 (2018-07-06 14:15:52; basehttp.py:124)
INFO:django.server: "GET /your_tasks/ HTTP/1.1" 200 7293 (2018-07-06 14:15:53; basehttp.py:124)
INFO:django.server: "GET /your_tasks/ HTTP/1.1" 200 6112 (2018-07-06 14:16:16; basehttp.py:124)
INFO:django.server: "GET /your_tasks/ HTTP/1.1" 200 6960 (2018-07-06 14:18:03; basehttp.py:124)
INFO:django.server: "GET /your_tasks/ HTTP/1.1" 200 6960 (2018-07-06 14:18:08; basehttp.py:124)
INFO:django.server: "GET /your_tasks/ HTTP/1.1" 200 6960 (2018-07-06 14:18:10; basehttp.py:124)
INFO:django.server: "GET /your_notices/ HTTP/1.1" 200 4264 (2018-07-06 14:18:11; basehttp.py:124)
INFO:django.server: "GET /your_tasks/ HTTP/1.1" 200 6960 (2018-07-06 14:18:14; basehttp.py:124)
INFO:django.server: "GET /your_notices/ HTTP/1.1" 200 4264 (2018-07-06 14:18:16; basehttp.py:124)
INFO:django.server: "GET /your_tasks/ HTTP/1.1" 200 6960 (2018-07-06 14:18:18; basehttp.py:124)
INFO:django.server: "GET /your_notices/ HTTP/1.1" 200 4264 (2018-07-06 14:18:19; basehttp.py:124)
INFO:django.server: "GET /your_tasks/ HTTP/1.1" 200 6960 (2018-07-06 14:18:19; basehttp.py:124)
INFO:django.server: "GET /your_notices/ HTTP/1.1" 200 4264 (2018-07-06 14:18:20; basehttp.py:124)
INFO:django.server: "GET /your_notices/ HTTP/1.1" 200 4082 (2018-07-06 14:18:33; basehttp.py:124)
INFO:django.server: "GET /your_notices/ HTTP/1.1" 200 4082 (2018-07-06 14:18:40; basehttp.py:124)
INFO:django.server: "GET /your_notices/ HTTP/1.1" 200 4082 (2018-07-06 14:20:14; basehttp.py:124)
INFO:django.server: "GET /your_notices/ HTTP/1.1" 200 4272 (2018-07-06 14:26:59; basehttp.py:124)
INFO:django.server: "GET /notice/new/ HTTP/1.1" 200 3247 (2018-07-06 14:27:02; basehttp.py:124)
INFO:django.server: "POST /notice/new/ HTTP/1.1" 302 0 (2018-07-06 14:27:08; basehttp.py:124)
INFO:django.server: "GET /19/ HTTP/1.1" 200 2913 (2018-07-06 14:27:08; basehttp.py:124)
INFO:django.server: "GET / HTTP/1.1" 200 11523 (2018-07-06 14:27:11; basehttp.py:124)
INFO:django.server: "GET /your_notices/ HTTP/1.1" 200 4561 (2018-07-06 14:27:12; basehttp.py:124)
INFO:django.server: "GET /notice/new/ HTTP/1.1" 200 3247 (2018-07-06 14:27:18; basehttp.py:124)
INFO:django.server: "GET /your_notices/ HTTP/1.1" 200 4561 (2018-07-06 14:27:19; basehttp.py:124)
INFO:django.server: "GET /your_tasks/ HTTP/1.1" 200 5988 (2018-07-06 14:27:19; basehttp.py:124)
INFO:django.server: "GET / HTTP/1.1" 200 11523 (2018-07-06 14:28:05; basehttp.py:124)
INFO:django.server: "GET /your_notices/ HTTP/1.1" 200 4561 (2018-07-06 14:28:09; basehttp.py:124)
INFO:django.server: "GET /your_tasks/ HTTP/1.1" 200 5988 (2018-07-06 14:28:10; basehttp.py:124)
ERROR:django.request: Internal Server Error: /your_tasks/ (2018-07-06 14:29:52; exception.py:135)
Traceback (most recent call last):
  File "/Library/Python/2.7/site-packages/django/core/handlers/exception.py", line 41, in inner
    response = get_response(request)
  File "/Library/Python/2.7/site-packages/django/core/handlers/base.py", line 217, in _get_response
    response = self.process_exception_by_middleware(e, request)
  File "/Library/Python/2.7/site-packages/django/core/handlers/base.py", line 215, in _get_response
    response = response.render()
  File "/Library/Python/2.7/site-packages/django/template/response.py", line 107, in render
    self.content = self.rendered_content
  File "/Library/Python/2.7/site-packages/django/template/response.py", line 84, in rendered_content
    content = template.render(context, self._request)
  File "/Library/Python/2.7/site-packages/django/template/backends/django.py", line 66, in render
    return self.template.render(context)
  File "/Library/Python/2.7/site-packages/django/template/base.py", line 207, in render
    return self._render(context)
  File "/Library/Python/2.7/site-packages/django/template/base.py", line 199, in _render
    return self.nodelist.render(context)
  File "/Library/Python/2.7/site-packages/django/template/base.py", line 990, in render
    bit = node.render_annotated(context)
  File "/Library/Python/2.7/site-packages/django/template/base.py", line 957, in render_annotated
    return self.render(context)
  File "/Library/Python/2.7/site-packages/django/template/loader_tags.py", line 177, in render
    return compiled_parent._render(context)
  File "/Library/Python/2.7/site-packages/django/template/base.py", line 199, in _render
    return self.nodelist.render(context)
  File "/Library/Python/2.7/site-packages/django/template/base.py", line 990, in render
    bit = node.render_annotated(context)
  File "/Library/Python/2.7/site-packages/django/template/base.py", line 957, in render_annotated
    return self.render(context)
  File "/Library/Python/2.7/site-packages/django/template/defaulttags.py", line 322, in render
    return nodelist.render(context)
  File "/Library/Python/2.7/site-packages/django/template/base.py", line 990, in render
    bit = node.render_annotated(context)
  File "/Library/Python/2.7/site-packages/django/template/base.py", line 957, in render_annotated
    return self.render(context)
  File "/Library/Python/2.7/site-packages/django/template/defaulttags.py", line 458, in render
    url = reverse(view_name, args=args, kwargs=kwargs, current_app=current_app)
  File "/Library/Python/2.7/site-packages/django/urls/base.py", line 91, in reverse
    return force_text(iri_to_uri(resolver._reverse_with_prefix(view, prefix, *args, **kwargs)))
  File "/Library/Python/2.7/site-packages/django/urls/resolvers.py", line 497, in _reverse_with_prefix
    raise NoReverseMatch(msg)
NoReverseMatch: Reverse for 'auth_update' not found. 'auth_update' is not a valid view function or pattern name.
ERROR:django.server: "GET /your_tasks/ HTTP/1.1" 500 161324 (2018-07-06 14:29:53; basehttp.py:124)
ERROR:django.request: Internal Server Error: /your_tasks/ (2018-07-06 14:41:38; exception.py:135)
Traceback (most recent call last):
  File "/Library/Python/2.7/site-packages/django/core/handlers/exception.py", line 41, in inner
    response = get_response(request)
  File "/Library/Python/2.7/site-packages/django/core/handlers/base.py", line 217, in _get_response
    response = self.process_exception_by_middleware(e, request)
  File "/Library/Python/2.7/site-packages/django/core/handlers/base.py", line 215, in _get_response
    response = response.render()
  File "/Library/Python/2.7/site-packages/django/template/response.py", line 107, in render
    self.content = self.rendered_content
  File "/Library/Python/2.7/site-packages/django/template/response.py", line 84, in rendered_content
    content = template.render(context, self._request)
  File "/Library/Python/2.7/site-packages/django/template/backends/django.py", line 66, in render
    return self.template.render(context)
  File "/Library/Python/2.7/site-packages/django/template/base.py", line 207, in render
    return self._render(context)
  File "/Library/Python/2.7/site-packages/django/template/base.py", line 199, in _render
    return self.nodelist.render(context)
  File "/Library/Python/2.7/site-packages/django/template/base.py", line 990, in render
    bit = node.render_annotated(context)
  File "/Library/Python/2.7/site-packages/django/template/base.py", line 957, in render_annotated
    return self.render(context)
  File "/Library/Python/2.7/site-packages/django/template/loader_tags.py", line 177, in render
    return compiled_parent._render(context)
  File "/Library/Python/2.7/site-packages/django/template/base.py", line 199, in _render
    return self.nodelist.render(context)
  File "/Library/Python/2.7/site-packages/django/template/base.py", line 990, in render
    bit = node.render_annotated(context)
  File "/Library/Python/2.7/site-packages/django/template/base.py", line 957, in render_annotated
    return self.render(context)
  File "/Library/Python/2.7/site-packages/django/template/defaulttags.py", line 322, in render
    return nodelist.render(context)
  File "/Library/Python/2.7/site-packages/django/template/base.py", line 990, in render
    bit = node.render_annotated(context)
  File "/Library/Python/2.7/site-packages/django/template/base.py", line 957, in render_annotated
    return self.render(context)
  File "/Library/Python/2.7/site-packages/django/template/defaulttags.py", line 458, in render
    url = reverse(view_name, args=args, kwargs=kwargs, current_app=current_app)
  File "/Library/Python/2.7/site-packages/django/urls/base.py", line 91, in reverse
    return force_text(iri_to_uri(resolver._reverse_with_prefix(view, prefix, *args, **kwargs)))
  File "/Library/Python/2.7/site-packages/django/urls/resolvers.py", line 497, in _reverse_with_prefix
    raise NoReverseMatch(msg)
NoReverseMatch: Reverse for 'auth_update' not found. 'auth_update' is not a valid view function or pattern name.
ERROR:django.server: "GET /your_tasks/ HTTP/1.1" 500 161324 (2018-07-06 14:41:38; basehttp.py:124)
INFO:django.server: "GET /your_tasks/ HTTP/1.1" 200 5988 (2018-07-06 14:41:52; basehttp.py:124)
INFO:django.server: "GET /notice/new/ HTTP/1.1" 200 3247 (2018-07-06 14:41:54; basehttp.py:124)
INFO:django.server: "POST /notice/new/ HTTP/1.1" 302 0 (2018-07-06 14:41:59; basehttp.py:124)
INFO:django.server: "GET /20/ HTTP/1.1" 200 2911 (2018-07-06 14:41:59; basehttp.py:124)
WARNING:django.server: "GET /api HTTP/1.1" 403 4903 (2018-07-06 17:10:38; basehttp.py:124)
INFO:django.server: "GET /static/rest_framework/js/jquery-3.3.1.min.js HTTP/1.1" 200 86927 (2018-07-06 17:10:39; basehttp.py:124)
INFO:django.server: "GET /static/rest_framework/js/csrf.js HTTP/1.1" 200 1735 (2018-07-06 17:10:39; basehttp.py:124)
INFO:django.server: "GET /static/rest_framework/css/default.css HTTP/1.1" 200 1131 (2018-07-06 17:10:39; basehttp.py:124)
INFO:django.server: "GET /static/rest_framework/css/bootstrap-tweaks.css HTTP/1.1" 200 3385 (2018-07-06 17:10:39; basehttp.py:124)
INFO:django.server: "GET /static/rest_framework/js/bootstrap.min.js HTTP/1.1" 200 37045 (2018-07-06 17:10:39; basehttp.py:124)
INFO:django.server: "GET /static/rest_framework/css/bootstrap.min.css HTTP/1.1" 200 121200 (2018-07-06 17:10:39; basehttp.py:124)
INFO:django.server: "GET /static/rest_framework/css/prettify.css HTTP/1.1" 200 817 (2018-07-06 17:10:39; basehttp.py:124)
INFO:django.server: "GET /static/rest_framework/js/ajax-form.js HTTP/1.1" 200 3597 (2018-07-06 17:10:39; basehttp.py:124)
INFO:django.server: "GET /static/rest_framework/js/prettify-min.js HTTP/1.1" 200 13632 (2018-07-06 17:10:39; basehttp.py:124)
INFO:django.server: "GET /static/rest_framework/js/default.js HTTP/1.1" 200 1262 (2018-07-06 17:10:39; basehttp.py:124)
INFO:django.server: "GET /static/rest_framework/img/grid.png HTTP/1.1" 200 1458 (2018-07-06 17:10:39; basehttp.py:124)
INFO:django.server: "GET /api-auth/login/?next=/api HTTP/1.1" 200 2733 (2018-07-06 17:10:46; basehttp.py:124)
INFO:django.server: "POST /api-auth/login/ HTTP/1.1" 302 0 (2018-07-06 17:10:55; basehttp.py:124)
DEBUG:MARKDOWN: Successfuly imported extension module "markdown.extensions.toc". (2018-07-06 17:10:55; __init__.py:233)
DEBUG:MARKDOWN: Successfully loaded extension "markdown.extensions.toc.TocExtension". (2018-07-06 17:10:55; __init__.py:190)
INFO:django.server: "GET /api HTTP/1.1" 200 5611 (2018-07-06 17:10:55; basehttp.py:124)
INFO:django.server: "GET /api?format=json HTTP/1.1" 200 111 (2018-07-06 17:11:07; basehttp.py:124)
DEBUG:MARKDOWN: Successfuly imported extension module "markdown.extensions.toc". (2018-07-06 17:11:12; __init__.py:233)
DEBUG:MARKDOWN: Successfully loaded extension "markdown.extensions.toc.TocExtension". (2018-07-06 17:11:12; __init__.py:190)
INFO:django.server: "GET /api?format=api HTTP/1.1" 200 5699 (2018-07-06 17:11:12; basehttp.py:124)
DEBUG:MARKDOWN: Successfuly imported extension module "markdown.extensions.toc". (2018-07-06 17:11:14; __init__.py:233)
DEBUG:MARKDOWN: Successfully loaded extension "markdown.extensions.toc.TocExtension". (2018-07-06 17:11:14; __init__.py:190)
INFO:django.server: "OPTIONS /api?format=api HTTP/1.1" 200 5798 (2018-07-06 17:11:14; basehttp.py:124)
DEBUG:MARKDOWN: Successfuly imported extension module "markdown.extensions.toc". (2018-07-06 17:11:19; __init__.py:233)
DEBUG:MARKDOWN: Successfully loaded extension "markdown.extensions.toc.TocExtension". (2018-07-06 17:11:19; __init__.py:190)
INFO:django.server: "GET /api?format=api HTTP/1.1" 200 5699 (2018-07-06 17:11:19; basehttp.py:124)
INFO:django.server: "GET /apiusers HTTP/1.1" 301 0 (2018-07-06 17:11:28; basehttp.py:124)
DEBUG:MARKDOWN: Successfuly imported extension module "markdown.extensions.toc". (2018-07-06 17:11:28; __init__.py:233)
DEBUG:MARKDOWN: Successfully loaded extension "markdown.extensions.toc.TocExtension". (2018-07-06 17:11:28; __init__.py:190)
INFO:django.server: "GET /apiusers/ HTTP/1.1" 200 10030 (2018-07-06 17:11:28; basehttp.py:124)
DEBUG:MARKDOWN: Successfuly imported extension module "markdown.extensions.toc". (2018-07-06 17:12:00; __init__.py:233)
DEBUG:MARKDOWN: Successfully loaded extension "markdown.extensions.toc.TocExtension". (2018-07-06 17:12:00; __init__.py:190)
INFO:django.server: "POST /apiusers/ HTTP/1.1" 201 10179 (2018-07-06 17:12:00; basehttp.py:124)
DEBUG:MARKDOWN: Successfuly imported extension module "markdown.extensions.toc". (2018-07-06 17:12:11; __init__.py:233)
DEBUG:MARKDOWN: Successfully loaded extension "markdown.extensions.toc.TocExtension". (2018-07-06 17:12:11; __init__.py:190)
INFO:django.server: "GET /apiusers/ HTTP/1.1" 200 10363 (2018-07-06 17:12:11; basehttp.py:124)
DEBUG:MARKDOWN: Successfuly imported extension module "markdown.extensions.toc". (2018-07-06 17:12:16; __init__.py:233)
DEBUG:MARKDOWN: Successfully loaded extension "markdown.extensions.toc.TocExtension". (2018-07-06 17:12:16; __init__.py:190)
INFO:django.server: "GET /apiusers/ HTTP/1.1" 200 10363 (2018-07-06 17:12:16; basehttp.py:124)
INFO:django.server: "GET /api HTTP/1.1" 301 0 (2018-07-06 17:32:22; basehttp.py:124)
DEBUG:MARKDOWN: Successfuly imported extension module "markdown.extensions.toc". (2018-07-06 17:32:22; __init__.py:233)
DEBUG:MARKDOWN: Successfully loaded extension "markdown.extensions.toc.TocExtension". (2018-07-06 17:32:22; __init__.py:190)
INFO:django.server: "GET /api/ HTTP/1.1" 200 5907 (2018-07-06 17:32:22; basehttp.py:124)
INFO:django.server: "GET /api/notices HTTP/1.1" 301 0 (2018-07-06 17:32:33; basehttp.py:124)
ERROR:django.request: Internal Server Error: /api/notices/ (2018-07-06 17:32:33; exception.py:135)
Traceback (most recent call last):
  File "/Library/Python/2.7/site-packages/django/core/handlers/exception.py", line 41, in inner
    response = get_response(request)
  File "/Library/Python/2.7/site-packages/django/core/handlers/base.py", line 187, in _get_response
    response = self.process_exception_by_middleware(e, request)
  File "/Library/Python/2.7/site-packages/django/core/handlers/base.py", line 185, in _get_response
    response = wrapped_callback(request, *callback_args, **callback_kwargs)
  File "/Library/Python/2.7/site-packages/django/views/decorators/csrf.py", line 58, in wrapped_view
    return view_func(*args, **kwargs)
  File "/Library/Python/2.7/site-packages/rest_framework/viewsets.py", line 103, in view
    return self.dispatch(request, *args, **kwargs)
  File "/Library/Python/2.7/site-packages/rest_framework/views.py", line 483, in dispatch
    response = self.handle_exception(exc)
  File "/Library/Python/2.7/site-packages/rest_framework/views.py", line 443, in handle_exception
    self.raise_uncaught_exception(exc)
  File "/Library/Python/2.7/site-packages/rest_framework/views.py", line 480, in dispatch
    response = handler(request, *args, **kwargs)
  File "/Library/Python/2.7/site-packages/rest_framework/mixins.py", line 48, in list
    return Response(serializer.data)
  File "/Library/Python/2.7/site-packages/rest_framework/serializers.py", line 765, in data
    ret = super(ListSerializer, self).data
  File "/Library/Python/2.7/site-packages/rest_framework/serializers.py", line 262, in data
    self._data = self.to_representation(self.instance)
  File "/Library/Python/2.7/site-packages/rest_framework/serializers.py", line 683, in to_representation
    self.child.to_representation(item) for item in iterable
  File "/Library/Python/2.7/site-packages/django/db/models/query.py", line 250, in __iter__
    self._fetch_all()
  File "/Library/Python/2.7/site-packages/django/db/models/query.py", line 1102, in _fetch_all
    self._result_cache = list(self._iterable_class(self))
  File "/Library/Python/2.7/site-packages/django/db/models/query.py", line 53, in __iter__
    results = compiler.execute_sql(chunked_fetch=self.chunked_fetch)
  File "/Library/Python/2.7/site-packages/django/db/models/sql/compiler.py", line 863, in execute_sql
    sql, params = self.as_sql()
  File "/Library/Python/2.7/site-packages/django/db/models/sql/compiler.py", line 412, in as_sql
    extra_select, order_by, group_by = self.pre_sql_setup()
  File "/Library/Python/2.7/site-packages/django/db/models/sql/compiler.py", line 47, in pre_sql_setup
    order_by = self.get_order_by()
  File "/Library/Python/2.7/site-packages/django/db/models/sql/compiler.py", line 298, in get_order_by
    field, self.query.get_meta(), default_order=asc))
  File "/Library/Python/2.7/site-packages/django/db/models/sql/compiler.py", line 593, in find_ordering_name
    field, targets, alias, joins, path, opts = self._setup_joins(pieces, opts, alias)
  File "/Library/Python/2.7/site-packages/django/db/models/sql/compiler.py", line 626, in _setup_joins
    pieces, opts, alias)
  File "/Library/Python/2.7/site-packages/django/db/models/sql/query.py", line 1427, in setup_joins
    names, opts, allow_many, fail_on_missing=True)
  File "/Library/Python/2.7/site-packages/django/db/models/sql/query.py", line 1362, in names_to_path
    "Choices are: %s" % (name, ", ".join(available)))
FieldError: Cannot resolve keyword 'pub_date' into field. Choices are: author, date_joined, email, first_name, groups, id, is_active, is_staff, is_superuser, last_login, last_name, logentry, notice, password, profile, registrationprofile, user_permissions, username
ERROR:django.server: "GET /api/notices/ HTTP/1.1" 500 154171 (2018-07-06 17:32:33; basehttp.py:124)
INFO:django.server: "GET /admin/ HTTP/1.1" 200 5017 (2018-07-06 17:43:00; basehttp.py:124)
INFO:django.server: "GET /admin/ HTTP/1.1" 200 5017 (2018-07-06 17:43:01; basehttp.py:124)
INFO:django.server: "GET /admin/exchange/notice/ HTTP/1.1" 200 3301 (2018-07-06 17:43:12; basehttp.py:124)
INFO:django.server: "GET /admin/jsi18n/ HTTP/1.1" 200 14962 (2018-07-06 17:43:12; basehttp.py:124)
INFO:django.server: "GET /admin/exchange/notice/add/ HTTP/1.1" 200 7990 (2018-07-06 17:43:14; basehttp.py:124)
INFO:django.server: "GET /admin/jsi18n/ HTTP/1.1" 200 14962 (2018-07-06 17:43:14; basehttp.py:124)
INFO:django.server: "POST /admin/exchange/notice/add/ HTTP/1.1" 302 0 (2018-07-06 17:43:37; basehttp.py:124)
INFO:django.server: "GET /admin/exchange/notice/ HTTP/1.1" 200 4794 (2018-07-06 17:43:37; basehttp.py:124)
INFO:django.server: "GET /admin/jsi18n/ HTTP/1.1" 200 14962 (2018-07-06 17:43:37; basehttp.py:124)
INFO:django.server: "GET /admin/exchange/ HTTP/1.1" 200 2920 (2018-07-06 17:43:44; basehttp.py:124)
INFO:django.server: "GET /admin/ HTTP/1.1" 200 5354 (2018-07-06 17:43:46; basehttp.py:124)
INFO:django.server: "GET /admin/exchange/profile/ HTTP/1.1" 200 4716 (2018-07-06 17:43:47; basehttp.py:124)
INFO:django.server: "GET /admin/jsi18n/ HTTP/1.1" 200 14962 (2018-07-06 17:43:47; basehttp.py:124)
INFO:django.server: "GET /admin/exchange/profile/4/change/ HTTP/1.1" 200 6127 (2018-07-06 17:43:50; basehttp.py:124)
INFO:django.server: "GET /admin/jsi18n/ HTTP/1.1" 200 14962 (2018-07-06 17:43:50; basehttp.py:124)
INFO:django.server: "POST /admin/exchange/profile/4/change/ HTTP/1.1" 302 0 (2018-07-06 17:43:57; basehttp.py:124)
INFO:django.server: "GET /admin/exchange/profile/ HTTP/1.1" 200 4903 (2018-07-06 17:43:57; basehttp.py:124)
INFO:django.server: "GET /admin/jsi18n/ HTTP/1.1" 200 14962 (2018-07-06 17:43:57; basehttp.py:124)
INFO:django.server: "GET /admin/exchange/profile/3/change/ HTTP/1.1" 200 6127 (2018-07-06 17:43:59; basehttp.py:124)
INFO:django.server: "GET /admin/jsi18n/ HTTP/1.1" 200 14962 (2018-07-06 17:43:59; basehttp.py:124)
INFO:django.server: "POST /admin/exchange/profile/3/change/ HTTP/1.1" 302 0 (2018-07-06 17:44:01; basehttp.py:124)
INFO:django.server: "GET /admin/exchange/profile/ HTTP/1.1" 200 4903 (2018-07-06 17:44:02; basehttp.py:124)
INFO:django.server: "GET /admin/jsi18n/ HTTP/1.1" 200 14962 (2018-07-06 17:44:02; basehttp.py:124)
INFO:django.server: "GET /admin/exchange/ HTTP/1.1" 200 2920 (2018-07-06 17:44:03; basehttp.py:124)
INFO:django.server: "GET /admin/ HTTP/1.1" 200 5954 (2018-07-06 17:44:04; basehttp.py:124)
INFO:django.server: "GET /admin/auth/user/ HTTP/1.1" 200 7552 (2018-07-06 17:44:15; basehttp.py:124)
INFO:django.server: "GET /admin/jsi18n/ HTTP/1.1" 200 14962 (2018-07-06 17:44:15; basehttp.py:124)
INFO:django.server: "GET /static/admin/img/icon-no.svg HTTP/1.1" 200 560 (2018-07-06 17:44:15; basehttp.py:124)
INFO:django.server: "GET /admin/auth/user/4/change/ HTTP/1.1" 200 15699 (2018-07-06 17:44:21; basehttp.py:124)
INFO:django.server: "GET /static/admin/js/SelectBox.js HTTP/1.1" 200 5755 (2018-07-06 17:44:21; basehttp.py:124)
INFO:django.server: "GET /static/admin/js/SelectFilter2.js HTTP/1.1" 200 12389 (2018-07-06 17:44:21; basehttp.py:124)
INFO:django.server: "GET /admin/jsi18n/ HTTP/1.1" 200 14962 (2018-07-06 17:44:21; basehttp.py:124)
INFO:django.server: "GET /static/admin/js/calendar.js HTTP/1.1" 200 7790 (2018-07-06 17:44:21; basehttp.py:124)
INFO:django.server: "GET /static/admin/js/admin/DateTimeShortcuts.js HTTP/1.1" 200 20529 (2018-07-06 17:44:21; basehttp.py:124)
INFO:django.server: "GET /static/admin/img/selector-icons.svg HTTP/1.1" 200 3291 (2018-07-06 17:44:21; basehttp.py:124)
INFO:django.server: "GET /static/admin/img/icon-unknown-alt.svg HTTP/1.1" 200 655 (2018-07-06 17:44:21; basehttp.py:124)
INFO:django.server: "GET /static/admin/img/icon-unknown.svg HTTP/1.1" 200 655 (2018-07-06 17:44:21; basehttp.py:124)
INFO:django.server: "GET /static/admin/img/icon-clock.svg HTTP/1.1" 200 677 (2018-07-06 17:44:21; basehttp.py:124)
INFO:django.server: "GET /static/admin/img/icon-calendar.svg HTTP/1.1" 200 1086 (2018-07-06 17:44:21; basehttp.py:124)
INFO:django.server: "POST /admin/auth/user/4/change/ HTTP/1.1" 302 0 (2018-07-06 17:45:11; basehttp.py:124)
INFO:django.server: "GET /admin/auth/user/ HTTP/1.1" 200 7744 (2018-07-06 17:45:11; basehttp.py:124)
INFO:django.server: "GET /admin/jsi18n/ HTTP/1.1" 200 14962 (2018-07-06 17:45:11; basehttp.py:124)
INFO:django.server: "GET /admin/logout/ HTTP/1.1" 200 1147 (2018-07-06 17:45:15; basehttp.py:124)
INFO:django.server: "GET /admin/ HTTP/1.1" 302 0 (2018-07-06 17:45:17; basehttp.py:124)
INFO:django.server: "GET /admin/login/?next=/admin/ HTTP/1.1" 200 1740 (2018-07-06 17:45:17; basehttp.py:124)
INFO:django.server: "POST /admin/login/?next=/admin/ HTTP/1.1" 200 2011 (2018-07-06 17:45:24; basehttp.py:124)
INFO:django.server: "POST /admin/login/?next=/admin/ HTTP/1.1" 200 2011 (2018-07-06 17:45:30; basehttp.py:124)
INFO:django.server: "POST /admin/login/?next=/admin/ HTTP/1.1" 302 0 (2018-07-06 17:45:40; basehttp.py:124)
INFO:django.server: "GET /admin/ HTTP/1.1" 200 6259 (2018-07-06 17:45:40; basehttp.py:124)
INFO:django.server: "GET / HTTP/1.1" 200 3172 (2018-07-06 17:45:45; basehttp.py:124)
INFO:django.server: "GET /21/ HTTP/1.1" 200 2911 (2018-07-06 17:45:47; basehttp.py:124)
INFO:django.server: "GET /accounts/logout/ HTTP/1.1" 200 2024 (2018-07-06 17:45:50; basehttp.py:124)
INFO:django.server: "GET /accounts/login/ HTTP/1.1" 200 2872 (2018-07-06 17:45:51; basehttp.py:124)
INFO:django.server: "POST /accounts/login/ HTTP/1.1" 200 3127 (2018-07-06 17:45:58; basehttp.py:124)
INFO:django.server: "GET /admin/ HTTP/1.1" 302 0 (2018-07-06 17:46:03; basehttp.py:124)
INFO:django.server: "GET /admin/login/?next=/admin/ HTTP/1.1" 200 1740 (2018-07-06 17:46:03; basehttp.py:124)
INFO:django.server: "POST /admin/login/?next=/admin/ HTTP/1.1" 302 0 (2018-07-06 17:46:11; basehttp.py:124)
INFO:django.server: "GET /admin/ HTTP/1.1" 200 6259 (2018-07-06 17:46:11; basehttp.py:124)
INFO:django.server: "GET /admin/registration/registrationprofile/ HTTP/1.1" 200 3766 (2018-07-06 17:46:15; basehttp.py:124)
INFO:django.server: "GET /admin/jsi18n/ HTTP/1.1" 200 14962 (2018-07-06 17:46:15; basehttp.py:124)
INFO:django.server: "GET /admin/registration/registrationprofile/add/ HTTP/1.1" 200 4947 (2018-07-06 17:46:18; basehttp.py:124)
INFO:django.server: "GET /admin/jsi18n/ HTTP/1.1" 200 14962 (2018-07-06 17:46:18; basehttp.py:124)
INFO:django.server: "GET /admin/auth/user/?_to_field=id&_popup=1 HTTP/1.1" 200 6222 (2018-07-06 17:46:48; basehttp.py:124)
INFO:django.server: "POST /admin/registration/registrationprofile/add/ HTTP/1.1" 302 0 (2018-07-06 17:47:01; basehttp.py:124)
INFO:django.server: "GET /admin/registration/registrationprofile/ HTTP/1.1" 200 5842 (2018-07-06 17:47:01; basehttp.py:124)
INFO:django.server: "GET /admin/jsi18n/ HTTP/1.1" 200 14962 (2018-07-06 17:47:01; basehttp.py:124)
INFO:django.server: "GET /admin/registration/registrationprofile/1/change/ HTTP/1.1" 200 5283 (2018-07-06 17:47:05; basehttp.py:124)
INFO:django.server: "GET /admin/jsi18n/ HTTP/1.1" 200 14962 (2018-07-06 17:47:05; basehttp.py:124)
INFO:django.server: "POST /admin/registration/registrationprofile/1/change/ HTTP/1.1" 302 0 (2018-07-06 17:47:07; basehttp.py:124)
INFO:django.server: "GET /admin/registration/registrationprofile/ HTTP/1.1" 200 5821 (2018-07-06 17:47:07; basehttp.py:124)
INFO:django.server: "GET /admin/jsi18n/ HTTP/1.1" 200 14962 (2018-07-06 17:47:07; basehttp.py:124)
INFO:django.server: "POST /admin/registration/registrationprofile/ HTTP/1.1" 302 0 (2018-07-06 17:47:18; basehttp.py:124)
INFO:django.server: "GET /admin/registration/registrationprofile/ HTTP/1.1" 200 5818 (2018-07-06 17:47:18; basehttp.py:124)
INFO:django.server: "GET /admin/jsi18n/ HTTP/1.1" 200 14962 (2018-07-06 17:47:19; basehttp.py:124)
INFO:django.server: "GET /static/admin/img/icon-alert.svg HTTP/1.1" 200 504 (2018-07-06 17:47:19; basehttp.py:124)
INFO:django.server: "POST /admin/registration/registrationprofile/ HTTP/1.1" 302 0 (2018-07-06 17:47:25; basehttp.py:124)
INFO:django.server: "GET /admin/registration/registrationprofile/ HTTP/1.1" 200 5562 (2018-07-06 17:47:25; basehttp.py:124)
INFO:django.server: "GET /admin/jsi18n/ HTTP/1.1" 200 14962 (2018-07-06 17:47:25; basehttp.py:124)
ERROR:django.request: Internal Server Error: /accounts/activate/123/ (2018-07-06 17:47:35; exception.py:135)
Traceback (most recent call last):
  File "/Library/Python/2.7/site-packages/django/core/handlers/exception.py", line 41, in inner
    response = get_response(request)
  File "/Library/Python/2.7/site-packages/django/core/handlers/base.py", line 217, in _get_response
    response = self.process_exception_by_middleware(e, request)
  File "/Library/Python/2.7/site-packages/django/core/handlers/base.py", line 215, in _get_response
    response = response.render()
  File "/Library/Python/2.7/site-packages/django/template/response.py", line 107, in render
    self.content = self.rendered_content
  File "/Library/Python/2.7/site-packages/django/template/response.py", line 82, in rendered_content
    template = self.resolve_template(self.template_name)
  File "/Library/Python/2.7/site-packages/django/template/response.py", line 64, in resolve_template
    return select_template(template, using=self.using)
  File "/Library/Python/2.7/site-packages/django/template/loader.py", line 53, in select_template
    raise TemplateDoesNotExist(', '.join(template_name_list), chain=chain)
TemplateDoesNotExist: registration/activate.html
ERROR:django.server: "GET /accounts/activate/123/ HTTP/1.1" 500 81598 (2018-07-06 17:47:35; basehttp.py:124)
INFO:django.server: "GET /admin/registration/registrationprofile/ HTTP/1.1" 200 5562 (2018-07-06 17:47:44; basehttp.py:124)
INFO:django.server: "GET /admin/registration/registrationprofile/ HTTP/1.1" 200 5562 (2018-07-06 17:47:45; basehttp.py:124)
INFO:django.server: "GET /admin/registration/registrationprofile/ HTTP/1.1" 200 5562 (2018-07-06 17:47:45; basehttp.py:124)
INFO:django.server: "GET /admin/registration/registrationprofile/ HTTP/1.1" 200 5562 (2018-07-06 17:47:49; basehttp.py:124)
INFO:django.server: "GET /admin/jsi18n/ HTTP/1.1" 200 14962 (2018-07-06 17:47:49; basehttp.py:124)
INFO:django.server: "GET / HTTP/1.1" 200 3172 (2018-07-06 17:47:54; basehttp.py:124)
INFO:django.server: "GET /accounts/logout/ HTTP/1.1" 200 2024 (2018-07-06 17:47:56; basehttp.py:124)
INFO:django.server: "GET /accounts/register/ HTTP/1.1" 200 3985 (2018-07-06 17:47:57; basehttp.py:124)
INFO:django.server: "POST /accounts/register/ HTTP/1.1" 302 0 (2018-07-06 17:48:13; basehttp.py:124)
INFO:django.server: "GET /accounts/register/complete/ HTTP/1.1" 200 2242 (2018-07-06 17:48:13; basehttp.py:124)
INFO:django.server: "GET /accounts/activate/InVzZXIxIg:1fbPDh:ced5ACRBsrcmZKB6ObC9HrRQ-IQ/ HTTP/1.1" 302 0 (2018-07-06 17:48:24; basehttp.py:124)
INFO:django.server: "GET /accounts/activate/complete/ HTTP/1.1" 200 2107 (2018-07-06 17:48:24; basehttp.py:124)
INFO:django.server: "GET /accounts/login/ HTTP/1.1" 200 2872 (2018-07-06 17:48:25; basehttp.py:124)
INFO:django.server: "POST /accounts/login/ HTTP/1.1" 302 0 (2018-07-06 17:48:32; basehttp.py:124)
INFO:django.server: "GET / HTTP/1.1" 200 3172 (2018-07-06 17:48:32; basehttp.py:124)
INFO:django.server: "GET /admin/ HTTP/1.1" 302 0 (2018-07-06 17:48:39; basehttp.py:124)
INFO:django.server: "GET /admin/login/?next=/admin/ HTTP/1.1" 200 2062 (2018-07-06 17:48:39; basehttp.py:124)
INFO:django.server: "POST /admin/login/?next=/admin/ HTTP/1.1" 200 2329 (2018-07-06 17:48:48; basehttp.py:124)
INFO:django.server: "GET /admin/login/?next=/admin/ HTTP/1.1" 200 2062 (2018-07-06 17:48:54; basehttp.py:124)
INFO:django.server: "GET /accounts/logout/ HTTP/1.1" 200 2024 (2018-07-06 17:48:57; basehttp.py:124)
INFO:django.server: "GET /accounts/login/ HTTP/1.1" 200 2872 (2018-07-06 17:48:59; basehttp.py:124)
INFO:django.server: "POST /accounts/login/ HTTP/1.1" 302 0 (2018-07-06 17:49:07; basehttp.py:124)
INFO:django.server: "GET / HTTP/1.1" 200 3172 (2018-07-06 17:49:07; basehttp.py:124)
INFO:django.server: "GET /admin/ HTTP/1.1" 200 7000 (2018-07-06 17:49:10; basehttp.py:124)
INFO:django.server: "GET /admin/registration/registrationprofile/ HTTP/1.1" 200 5562 (2018-07-06 17:49:13; basehttp.py:124)
INFO:django.server: "GET /admin/jsi18n/ HTTP/1.1" 200 14962 (2018-07-06 17:49:13; basehttp.py:124)
INFO:django.server: "GET /admin/ HTTP/1.1" 200 7000 (2018-07-06 17:49:16; basehttp.py:124)
INFO:django.server: "GET /admin/auth/user/ HTTP/1.1" 200 7981 (2018-07-06 17:49:22; basehttp.py:124)
INFO:django.server: "GET /admin/jsi18n/ HTTP/1.1" 200 14962 (2018-07-06 17:49:22; basehttp.py:124)
INFO:django.server: "GET /admin/auth/user/5/change/ HTTP/1.1" 200 15947 (2018-07-06 17:49:24; basehttp.py:124)
INFO:django.server: "GET /admin/jsi18n/ HTTP/1.1" 200 14962 (2018-07-06 17:49:24; basehttp.py:124)
INFO:django.server: "POST /admin/auth/user/5/change/ HTTP/1.1" 302 0 (2018-07-06 17:49:55; basehttp.py:124)
INFO:django.server: "GET /admin/auth/user/ HTTP/1.1" 200 8169 (2018-07-06 17:49:55; basehttp.py:124)
INFO:django.server: "GET /admin/jsi18n/ HTTP/1.1" 200 14962 (2018-07-06 17:49:55; basehttp.py:124)
INFO:django.server: "GET /admin/logout/ HTTP/1.1" 200 1147 (2018-07-06 17:49:58; basehttp.py:124)
INFO:django.server: "GET /admin/ HTTP/1.1" 302 0 (2018-07-06 17:49:59; basehttp.py:124)
INFO:django.server: "GET /admin/login/?next=/admin/ HTTP/1.1" 200 1740 (2018-07-06 17:49:59; basehttp.py:124)
INFO:django.server: "POST /admin/login/?next=/admin/ HTTP/1.1" 302 0 (2018-07-06 17:50:05; basehttp.py:124)
INFO:django.server: "GET /admin/ HTTP/1.1" 200 3212 (2018-07-06 17:50:05; basehttp.py:124)
INFO:django.server: "GET /admin/exchange/notice/ HTTP/1.1" 200 4573 (2018-07-06 17:50:08; basehttp.py:124)
INFO:django.server: "GET /admin/jsi18n/ HTTP/1.1" 200 14962 (2018-07-06 17:50:08; basehttp.py:124)
INFO:django.server: "GET /admin/ HTTP/1.1" 200 3212 (2018-07-06 17:50:12; basehttp.py:124)
INFO:django.server: "GET /admin/auth/ HTTP/1.1" 200 2464 (2018-07-06 17:50:14; basehttp.py:124)
INFO:django.server: "GET /admin/auth/ HTTP/1.1" 200 2464 (2018-07-06 17:50:16; basehttp.py:124)
INFO:django.server: "GET /admin/auth/ HTTP/1.1" 200 2464 (2018-07-06 17:50:18; basehttp.py:124)
INFO:django.server: "GET /admin/ HTTP/1.1" 200 3212 (2018-07-06 17:50:22; basehttp.py:124)
INFO:django.server: "GET /admin/exchange/notice/ HTTP/1.1" 200 4573 (2018-07-06 17:50:24; basehttp.py:124)
INFO:django.server: "GET /admin/jsi18n/ HTTP/1.1" 200 14962 (2018-07-06 17:50:24; basehttp.py:124)
INFO:django.server: "GET /admin/exchange/notice/add/ HTTP/1.1" 200 6734 (2018-07-06 17:50:28; basehttp.py:124)
INFO:django.server: "GET /admin/jsi18n/ HTTP/1.1" 200 14962 (2018-07-06 17:50:28; basehttp.py:124)
INFO:django.server: "POST /admin/exchange/notice/add/ HTTP/1.1" 302 0 (2018-07-06 17:50:40; basehttp.py:124)
INFO:django.server: "GET /admin/exchange/notice/ HTTP/1.1" 200 5012 (2018-07-06 17:50:40; basehttp.py:124)
INFO:django.server: "GET /admin/jsi18n/ HTTP/1.1" 200 14962 (2018-07-06 17:50:40; basehttp.py:124)
INFO:django.server: "GET /admin/exchange/notice/22/change/ HTTP/1.1" 200 6973 (2018-07-06 17:50:42; basehttp.py:124)
INFO:django.server: "GET /admin/jsi18n/ HTTP/1.1" 200 14962 (2018-07-06 17:50:42; basehttp.py:124)
INFO:django.server: "GET /admin/exchange/notice/22/delete/ HTTP/1.1" 200 3363 (2018-07-06 17:50:44; basehttp.py:124)
INFO:django.server: "GET /static/admin/js/cancel.js HTTP/1.1" 200 204 (2018-07-06 17:50:45; basehttp.py:124)
INFO:django.server: "POST /admin/exchange/notice/22/delete/ HTTP/1.1" 302 0 (2018-07-06 17:50:47; basehttp.py:124)
INFO:django.server: "GET /admin/exchange/notice/ HTTP/1.1" 200 4740 (2018-07-06 17:50:47; basehttp.py:124)
INFO:django.server: "GET /admin/jsi18n/ HTTP/1.1" 200 14962 (2018-07-06 17:50:47; basehttp.py:124)
INFO:django.server: "GET /admin/exchange/ HTTP/1.1" 200 2488 (2018-07-06 17:50:50; basehttp.py:124)
INFO:django.server: "GET /admin/ HTTP/1.1" 200 3798 (2018-07-06 17:50:50; basehttp.py:124)
INFO:django.server: "GET /static/admin/img/icon-deletelink.svg HTTP/1.1" 200 392 (2018-07-06 17:50:50; basehttp.py:124)
INFO:django.server: "GET /admin/logout/ HTTP/1.1" 200 1147 (2018-07-06 17:51:00; basehttp.py:124)
INFO:django.server: "GET / HTTP/1.1" 200 2419 (2018-07-06 17:51:04; basehttp.py:124)
INFO:django.server: "GET /accounts/register/ HTTP/1.1" 200 3985 (2018-07-06 17:51:06; basehttp.py:124)
INFO:django.server: "POST /accounts/register/ HTTP/1.1" 302 0 (2018-07-06 17:51:19; basehttp.py:124)
INFO:django.server: "GET /accounts/register/complete/ HTTP/1.1" 200 2242 (2018-07-06 17:51:19; basehttp.py:124)
INFO:django.server: "GET /accounts/activate/InVzZXIyIg:1fbPGh:fdUFqp9e6tUv5-Pd-kKBBcvrBzg/ HTTP/1.1" 302 0 (2018-07-06 17:51:28; basehttp.py:124)
INFO:django.server: "GET /accounts/activate/complete/ HTTP/1.1" 200 2107 (2018-07-06 17:51:28; basehttp.py:124)
INFO:django.server: "GET /accounts/login/ HTTP/1.1" 200 2872 (2018-07-06 17:51:29; basehttp.py:124)
INFO:django.server: "POST /accounts/login/ HTTP/1.1" 302 0 (2018-07-06 17:51:41; basehttp.py:124)
INFO:django.server: "GET / HTTP/1.1" 200 3172 (2018-07-06 17:51:41; basehttp.py:124)
INFO:django.server: "GET /21/ HTTP/1.1" 200 3223 (2018-07-06 17:51:42; basehttp.py:124)
INFO:django.server: "GET / HTTP/1.1" 200 3172 (2018-07-06 17:51:43; basehttp.py:124)
INFO:django.server: "GET /accounts/logout/ HTTP/1.1" 200 2024 (2018-07-06 17:51:46; basehttp.py:124)
INFO:django.server: "GET /accounts/register/ HTTP/1.1" 200 3985 (2018-07-06 17:51:47; basehttp.py:124)
INFO:django.server: "GET /accounts/login/ HTTP/1.1" 200 2872 (2018-07-06 17:51:48; basehttp.py:124)
INFO:django.server: "POST /accounts/login/ HTTP/1.1" 302 0 (2018-07-06 17:51:54; basehttp.py:124)
INFO:django.server: "GET / HTTP/1.1" 200 3172 (2018-07-06 17:51:54; basehttp.py:124)
INFO:django.server: "GET /admin/ HTTP/1.1" 200 7301 (2018-07-06 17:51:57; basehttp.py:124)
INFO:django.server: "GET / HTTP/1.1" 200 3172 (2018-07-06 17:52:04; basehttp.py:124)
INFO:django.server: "GET /accounts/logout/ HTTP/1.1" 200 2024 (2018-07-06 17:52:06; basehttp.py:124)
INFO:django.server: "GET /accounts/register/ HTTP/1.1" 200 3985 (2018-07-06 17:52:07; basehttp.py:124)
INFO:django.server: "GET /accounts/login/ HTTP/1.1" 200 2872 (2018-07-06 17:52:08; basehttp.py:124)
INFO:django.server: "POST /accounts/login/ HTTP/1.1" 302 0 (2018-07-06 17:52:13; basehttp.py:124)
INFO:django.server: "GET / HTTP/1.1" 200 3172 (2018-07-06 17:52:13; basehttp.py:124)
INFO:django.server: "GET /admin/ HTTP/1.1" 200 3798 (2018-07-06 17:52:18; basehttp.py:124)
